<?xml version="1.0" encoding="UTF-8"?>
<!-- Generated by org.testng.reporters.JUnitXMLReporter -->
<testsuite ignored="0" hostname="Nalini" failures="0" tests="3" name="Default test" time="18.688" errors="0" timestamp="2024-02-11T09:08:15 IST">
  <testcase classname="test_Scenarios.TestMethods_Login" name="login" time="5.935"/>
  <testcase classname="test_Scenarios.TestMethods_Login" name="signIn" time="2.521"/>
  <testcase classname="test_Scenarios.TestMethods_Login" name="clickForgetPasswordLink" time="2.747"/>
</testsuite> <!-- Default test -->
