<?xml version="1.0" encoding="UTF-8"?>
<!-- Generated by org.testng.reporters.JUnitXMLReporter -->
<testsuite ignored="0" hostname="Nalini" failures="0" tests="3" name="Default test" time="14.319" errors="0" timestamp="2024-02-11T12:54:55 IST">
  <testcase classname="test_Scenarios.TestMethods_Login" name="login" time="1.859"/>
  <testcase classname="test_Scenarios.TestMethods_Login" name="signIn" time="2.54"/>
  <testcase classname="test_Scenarios.TestMethods_Login" name="clickForgetPasswordLink" time="2.8"/>
</testsuite> <!-- Default test -->
